<html>
<head>
<title>TestNG:  Test</title>
<link href="../testng.css" rel="stylesheet" type="text/css" />
<link href="../my-testng.css" rel="stylesheet" type="text/css" />

<style type="text/css">
.log { display: none;} 
.stack-trace { display: none;} 
</style>
<script type="text/javascript">
<!--
function flip(e) {
  current = e.style.display;
  if (current == 'block') {
    e.style.display = 'none';
    return 0;
  }
  else {
    e.style.display = 'block';
    return 1;
  }
}

function toggleBox(szDivId, elem, msg1, msg2)
{
  var res = -1;  if (document.getElementById) {
    res = flip(document.getElementById(szDivId));
  }
  else if (document.all) {
    // this is the way old msie versions work
    res = flip(document.all[szDivId]);
  }
  if(elem) {
    if(res == 0) elem.innerHTML = msg1; else elem.innerHTML = msg2;
  }

}

function toggleAllBoxes() {
  if (document.getElementsByTagName) {
    d = document.getElementsByTagName('div');
    for (i = 0; i < d.length; i++) {
      if (d[i].className == 'log') {
        flip(d[i]);
      }
    }
  }
}

// -->
</script>

</head>
<body>
<h2 align='center'>Test</h2><table border='1' align="center">
<tr>
<td>Tests passed/Failed/Skipped:</td><td>16/2/0</td>
</tr><tr>
<td>Started on:</td><td>Thu Mar 25 16:00:38 EDT 2021</td>
</tr>
<tr><td>Total time:</td><td>241 seconds (241562 ms)</td>
</tr><tr>
<td>Included groups:</td><td></td>
</tr><tr>
<td>Excluded groups:</td><td></td>
</tr>
</table><p/>
<small><i>(Hover the method name to see the test class name)</i></small><p/>
<table width='100%' border='1' class='invocation-failed'>
<tr><td colspan='4' align='center'><b>FAILED TESTS</b></td></tr>
<tr><td><b>Test method</b></td>
<td width="30%"><b>Exception</b></td>
<td width="10%"><b>Time (seconds)</b></td>
<td><b>Instance</b></td>
</tr>
<tr>
<td title='com.THStest.BasicInformationPageTest.verify_BasicinformationPage_ExelData()'><b>verify_BasicinformationPage_ExelData</b><br>Test class: com.THStest.BasicInformationPageTest</td>
<td><div><pre>org.openqa.selenium.TimeoutException: Expected condition failed: waiting for visibility of element located by By.name: policyTerm|location|constructionYear (tried for 15 second(s) with 500 milliseconds interval)
	at org.openqa.selenium.support.ui.WebDriverWait.timeoutException(WebDriverWait.java:113)
	at org.openqa.selenium.support.ui.FluentWait.until(FluentWait.java:283)
	at com.THSpages.yearbuilt.yearbuilt_validation(yearbuilt.java:52)
	at com.THSpages.BasicInformationPage.doBasicinformationPagevalidation(BasicInformationPage.java:357)
	at com.THStest.BasicInformationPageTest.verify_BasicinformationPage_ExelData(BasicInformationPageTest.java:78)
Caused by: org.openqa.selenium.NoSuchElementException: Cannot locate an element using By.name: policyTerm|location|constructionYear
For documentation on this error, please visit: http://seleniumhq.org/exceptions/no_such_element.html
Build info: version: &apos;3.14.0&apos;, revision: &apos;aacccce0&apos;, time: &apos;2018-08-02T20:05:20.749Z&apos;
System info: host: &apos;LOHLOVSPC14&apos;, ip: &apos;10.5.5.5&apos;, os.name: &apos;Windows 10&apos;, os.arch: &apos;amd64&apos;, os.version: &apos;10.0&apos;, java.version: &apos;1.8.0_281&apos;
Driver info: driver.version: unknown
	at org.openqa.selenium.support.ui.ExpectedConditions.lambda$findElement$0(ExpectedConditions.java:896)
	at java.util.Optional.orElseThrow(Optional.java:290)
	at org.openqa.selenium.support.ui.ExpectedConditions.findElement(ExpectedConditions.java:895)
	at org.openqa.selenium.support.ui.ExpectedConditions.access$000(ExpectedConditions.java:44)
	at org.openqa.selenium.support.ui.ExpectedConditions$7.apply(ExpectedConditions.java:206)
	at org.openqa.selenium.support.ui.ExpectedConditions$7.apply(ExpectedConditions.java:202)
	at org.openqa.selenium.support.ui.FluentWait.until(FluentWait.java:260)
	... 27 more
... Removed 24 stack frames</pre></div><a href='#' onClick='toggleBox("stack-trace759564454", this, "Click to show all stack frames", "Click to hide stack frames")'>Click to show all stack frames</a>
<div class='stack-trace' id='stack-trace759564454'><pre>org.openqa.selenium.TimeoutException: Expected condition failed: waiting for visibility of element located by By.name: policyTerm|location|constructionYear (tried for 15 second(s) with 500 milliseconds interval)
	at org.openqa.selenium.support.ui.WebDriverWait.timeoutException(WebDriverWait.java:113)
	at org.openqa.selenium.support.ui.FluentWait.until(FluentWait.java:283)
	at com.THSpages.yearbuilt.yearbuilt_validation(yearbuilt.java:52)
	at com.THSpages.BasicInformationPage.doBasicinformationPagevalidation(BasicInformationPage.java:357)
	at com.THStest.BasicInformationPageTest.verify_BasicinformationPage_ExelData(BasicInformationPageTest.java:78)
	at sun.reflect.NativeMethodAccessorImpl.invoke0(Native Method)
	at sun.reflect.NativeMethodAccessorImpl.invoke(NativeMethodAccessorImpl.java:62)
	at sun.reflect.DelegatingMethodAccessorImpl.invoke(DelegatingMethodAccessorImpl.java:43)
	at java.lang.reflect.Method.invoke(Method.java:498)
	at org.testng.internal.MethodInvocationHelper.invokeMethod(MethodInvocationHelper.java:85)
	at org.testng.internal.Invoker.invokeMethod(Invoker.java:639)
	at org.testng.internal.Invoker.invokeTestMethod(Invoker.java:816)
	at org.testng.internal.Invoker.invokeTestMethods(Invoker.java:1124)
	at org.testng.internal.TestMethodWorker.invokeTestMethods(TestMethodWorker.java:125)
	at org.testng.internal.TestMethodWorker.run(TestMethodWorker.java:108)
	at org.testng.TestRunner.privateRun(TestRunner.java:774)
	at org.testng.TestRunner.run(TestRunner.java:624)
	at org.testng.SuiteRunner.runTest(SuiteRunner.java:359)
	at org.testng.SuiteRunner.runSequentially(SuiteRunner.java:354)
	at org.testng.SuiteRunner.privateRun(SuiteRunner.java:312)
	at org.testng.SuiteRunner.run(SuiteRunner.java:261)
	at org.testng.SuiteRunnerWorker.runSuite(SuiteRunnerWorker.java:52)
	at org.testng.SuiteRunnerWorker.run(SuiteRunnerWorker.java:86)
	at org.testng.TestNG.runSuitesSequentially(TestNG.java:1215)
	at org.testng.TestNG.runSuitesLocally(TestNG.java:1140)
	at org.testng.TestNG.run(TestNG.java:1048)
	at org.testng.remote.AbstractRemoteTestNG.run(AbstractRemoteTestNG.java:115)
	at org.testng.remote.RemoteTestNG.initAndRun(RemoteTestNG.java:251)
	at org.testng.remote.RemoteTestNG.main(RemoteTestNG.java:77)
Caused by: org.openqa.selenium.NoSuchElementException: Cannot locate an element using By.name: policyTerm|location|constructionYear
For documentation on this error, please visit: http://seleniumhq.org/exceptions/no_such_element.html
Build info: version: &apos;3.14.0&apos;, revision: &apos;aacccce0&apos;, time: &apos;2018-08-02T20:05:20.749Z&apos;
System info: host: &apos;LOHLOVSPC14&apos;, ip: &apos;10.5.5.5&apos;, os.name: &apos;Windows 10&apos;, os.arch: &apos;amd64&apos;, os.version: &apos;10.0&apos;, java.version: &apos;1.8.0_281&apos;
Driver info: driver.version: unknown
	at org.openqa.selenium.support.ui.ExpectedConditions.lambda$findElement$0(ExpectedConditions.java:896)
	at java.util.Optional.orElseThrow(Optional.java:290)
	at org.openqa.selenium.support.ui.ExpectedConditions.findElement(ExpectedConditions.java:895)
	at org.openqa.selenium.support.ui.ExpectedConditions.access$000(ExpectedConditions.java:44)
	at org.openqa.selenium.support.ui.ExpectedConditions$7.apply(ExpectedConditions.java:206)
	at org.openqa.selenium.support.ui.ExpectedConditions$7.apply(ExpectedConditions.java:202)
	at org.openqa.selenium.support.ui.FluentWait.until(FluentWait.java:260)
	... 27 more
</pre></div></td>
<td>38</td>
<td>com.THStest.BasicInformationPageTest@49ec71f8</td></tr>
<tr>
<td title='com.THStest.PortalPageTest.verifyportalpageUserPreferencesbuttondisoplaying()'><b>verifyportalpageUserPreferencesbuttondisoplaying</b><br>Test class: com.THStest.PortalPageTest</td>
<td><div><pre>java.lang.AssertionError: expected [RPM &amp;#8211;  User Preferences &amp;#8211; Tower Hill Insurance] but found [RPM – Tower Hill Insurance Group - Disconnect Session – Tower Hill Insurance]
	at com.THSpages.PortalPage.UserPreferencebutton(PortalPage.java:75)
	at com.THStest.PortalPageTest.verifyportalpageUserPreferencesbuttondisoplaying(PortalPageTest.java:35)
... Removed 29 stack frames</pre></div><a href='#' onClick='toggleBox("stack-trace800456240", this, "Click to show all stack frames", "Click to hide stack frames")'>Click to show all stack frames</a>
<div class='stack-trace' id='stack-trace800456240'><pre>java.lang.AssertionError: expected [RPM &amp;#8211;  User Preferences &amp;#8211; Tower Hill Insurance] but found [RPM – Tower Hill Insurance Group - Disconnect Session – Tower Hill Insurance]
	at org.testng.Assert.fail(Assert.java:94)
	at org.testng.Assert.failNotEquals(Assert.java:496)
	at org.testng.Assert.assertEquals(Assert.java:125)
	at org.testng.Assert.assertEquals(Assert.java:178)
	at org.testng.Assert.assertEquals(Assert.java:188)
	at com.THSpages.PortalPage.UserPreferencebutton(PortalPage.java:75)
	at com.THStest.PortalPageTest.verifyportalpageUserPreferencesbuttondisoplaying(PortalPageTest.java:35)
	at sun.reflect.NativeMethodAccessorImpl.invoke0(Native Method)
	at sun.reflect.NativeMethodAccessorImpl.invoke(NativeMethodAccessorImpl.java:62)
	at sun.reflect.DelegatingMethodAccessorImpl.invoke(DelegatingMethodAccessorImpl.java:43)
	at java.lang.reflect.Method.invoke(Method.java:498)
	at org.testng.internal.MethodInvocationHelper.invokeMethod(MethodInvocationHelper.java:85)
	at org.testng.internal.Invoker.invokeMethod(Invoker.java:639)
	at org.testng.internal.Invoker.invokeTestMethod(Invoker.java:816)
	at org.testng.internal.Invoker.invokeTestMethods(Invoker.java:1124)
	at org.testng.internal.TestMethodWorker.invokeTestMethods(TestMethodWorker.java:125)
	at org.testng.internal.TestMethodWorker.run(TestMethodWorker.java:108)
	at org.testng.TestRunner.privateRun(TestRunner.java:774)
	at org.testng.TestRunner.run(TestRunner.java:624)
	at org.testng.SuiteRunner.runTest(SuiteRunner.java:359)
	at org.testng.SuiteRunner.runSequentially(SuiteRunner.java:354)
	at org.testng.SuiteRunner.privateRun(SuiteRunner.java:312)
	at org.testng.SuiteRunner.run(SuiteRunner.java:261)
	at org.testng.SuiteRunnerWorker.runSuite(SuiteRunnerWorker.java:52)
	at org.testng.SuiteRunnerWorker.run(SuiteRunnerWorker.java:86)
	at org.testng.TestNG.runSuitesSequentially(TestNG.java:1215)
	at org.testng.TestNG.runSuitesLocally(TestNG.java:1140)
	at org.testng.TestNG.run(TestNG.java:1048)
	at org.testng.remote.AbstractRemoteTestNG.run(AbstractRemoteTestNG.java:115)
	at org.testng.remote.RemoteTestNG.initAndRun(RemoteTestNG.java:251)
	at org.testng.remote.RemoteTestNG.main(RemoteTestNG.java:77)
</pre></div></td>
<td>6</td>
<td>com.THStest.PortalPageTest@36902638</td></tr>
</table><p>
<table width='100%' border='1' class='invocation-passed'>
<tr><td colspan='4' align='center'><b>PASSED TESTS</b></td></tr>
<tr><td><b>Test method</b></td>
<td width="30%"><b>Exception</b></td>
<td width="10%"><b>Time (seconds)</b></td>
<td><b>Instance</b></td>
</tr>
<tr>
<td title='com.THStest.HomePageTest.Select_THS_State_ExelData()'><b>Select_THS_State_ExelData</b><br>Test class: com.THStest.HomePageTest</td>
<td></td>
<td>10</td>
<td>com.THStest.HomePageTest@1d2adfbe</td></tr>
<tr>
<td title='com.THStest.DisConnectPageTest.performDisconnectsessionTest()'><b>performDisconnectsessionTest</b><br>Test class: com.THStest.DisConnectPageTest</td>
<td></td>
<td>8</td>
<td>com.THStest.DisConnectPageTest@16d04d3d</td></tr>
<tr>
<td title='com.THStest.LoginTest.performLoginTest_invalidvalues()'><b>performLoginTest_invalidvalues</b><br>Test class: com.THStest.LoginTest</td>
<td></td>
<td>3</td>
<td>com.THStest.LoginTest@564fabc8</td></tr>
<tr>
<td title='com.THStest.LoginTest.performLoginTest_validvalues()'><b>performLoginTest_validvalues</b><br>Test class: com.THStest.LoginTest</td>
<td></td>
<td>4</td>
<td>com.THStest.LoginTest@564fabc8</td></tr>
<tr>
<td title='com.THStest.PortalPageTest.performPortalTest()'><b>performPortalTest</b><br>Test class: com.THStest.PortalPageTest</td>
<td></td>
<td>6</td>
<td>com.THStest.PortalPageTest@36902638</td></tr>
<tr>
<td title='com.THStest.LoginTest.verifyLoginPageheaderTest()'><b>verifyLoginPageheaderTest</b><br>Test class: com.THStest.LoginTest</td>
<td></td>
<td>0</td>
<td>com.THStest.LoginTest@564fabc8</td></tr>
<tr>
<td title='com.THStest.BasicInformationPageTest.verify_BasicinformationPage_Labels()'><b>verify_BasicinformationPage_Labels</b><br>Test class: com.THStest.BasicInformationPageTest</td>
<td></td>
<td>10</td>
<td>com.THStest.BasicInformationPageTest@49ec71f8</td></tr>
<tr>
<td title='com.THStest.BasicInformationPageTest.verify_BasicinformationPage_header()'><b>verify_BasicinformationPage_header</b><br>Test class: com.THStest.BasicInformationPageTest</td>
<td></td>
<td>11</td>
<td>com.THStest.BasicInformationPageTest@49ec71f8</td></tr>
<tr>
<td title='com.THStest.HomePageTest.verify_HomePage_AgencyOverideTest()'><b>verify_HomePage_AgencyOverideTest</b><br>Test class: com.THStest.HomePageTest</td>
<td></td>
<td>11</td>
<td>com.THStest.HomePageTest@1d2adfbe</td></tr>
<tr>
<td title='com.THStest.HomePageTest.verify_HomePage_Menutabs()'><b>verify_HomePage_Menutabs</b><br>Test class: com.THStest.HomePageTest</td>
<td></td>
<td>8</td>
<td>com.THStest.HomePageTest@1d2adfbe</td></tr>
<tr>
<td title='com.THStest.HomePageTest.verify_HomePage_THS_States_Displaying()'><b>verify_HomePage_THS_States_Displaying</b><br>Test class: com.THStest.HomePageTest</td>
<td></td>
<td>14</td>
<td>com.THStest.HomePageTest@1d2adfbe</td></tr>
<tr>
<td title='com.THStest.HomePageTest.verify_HomePage_Title()'><b>verify_HomePage_Title</b><br>Test class: com.THStest.HomePageTest</td>
<td></td>
<td>7</td>
<td>com.THStest.HomePageTest@1d2adfbe</td></tr>
<tr>
<td title='com.THStest.HomePageTest.verify_HomePage_Userdetails()'><b>verify_HomePage_Userdetails</b><br>Test class: com.THStest.HomePageTest</td>
<td></td>
<td>7</td>
<td>com.THStest.HomePageTest@1d2adfbe</td></tr>
<tr>
<td title='com.THStest.HomePageTest.verify_HomePage_headerTest()'><b>verify_HomePage_headerTest</b><br>Test class: com.THStest.HomePageTest</td>
<td></td>
<td>8</td>
<td>com.THStest.HomePageTest@1d2adfbe</td></tr>
<tr>
<td title='com.THStest.LoginTest.verifyloginpageTitle()'><b>verifyloginpageTitle</b><br>Test class: com.THStest.LoginTest</td>
<td></td>
<td>0</td>
<td>com.THStest.LoginTest@564fabc8</td></tr>
<tr>
<td title='com.THStest.LoginTest.verifytowerhillimagedisplayingonLoginPage()'><b>verifytowerhillimagedisplayingonLoginPage</b><br>Test class: com.THStest.LoginTest</td>
<td></td>
<td>0</td>
<td>com.THStest.LoginTest@564fabc8</td></tr>
</table><p>
</body>
</html>