<?xml version="1.0" encoding="UTF-8"?>
<!-- Generated by org.testng.reporters.JUnitXMLReporter -->
<testsuite hostname="LOHLOVSPC14" name="Test" tests="18" failures="2" timestamp="25 Mar 2021 20:04:40 GMT" time="241.562" errors="0">
  <testcase name="verifyloginpageTitle" time="0.015" classname="com.THStest.LoginTest"/>
  <testcase name="verifytowerhillimagedisplayingonLoginPage" time="0.432" classname="com.THStest.LoginTest"/>
  <testcase name="performDisconnectsessionTest" time="8.644" classname="com.THStest.DisConnectPageTest"/>
  <testcase name="verify_BasicinformationPage_header" time="11.261" classname="com.THStest.BasicInformationPageTest"/>
  <testcase name="verify_HomePage_Title" time="7.373" classname="com.THStest.HomePageTest"/>
  <testcase name="verifyportalpageUserPreferencesbuttondisoplaying" time="6.227" classname="com.THStest.PortalPageTest">
    <failure type="java.lang.AssertionError" message="expected [RPM &amp;amp;#8211;  User Preferences &amp;amp;#8211; Tower Hill Insurance] but found [RPM – Tower Hill Insurance Group - Disconnect Session – Tower Hill Insurance]">
      <![CDATA[java.lang.AssertionError: expected [RPM &#8211;  User Preferences &#8211; Tower Hill Insurance] but found [RPM – Tower Hill Insurance Group - Disconnect Session – Tower Hill Insurance]
	at com.THSpages.PortalPage.UserPreferencebutton(PortalPage.java:75)
	at com.THStest.PortalPageTest.verifyportalpageUserPreferencesbuttondisoplaying(PortalPageTest.java:35)
... Removed 29 stack frames]]>
    </failure>
  </testcase> <!-- verifyportalpageUserPreferencesbuttondisoplaying -->
  <testcase name="verifyLoginPageheaderTest" time="0.055" classname="com.THStest.LoginTest"/>
  <testcase name="verify_HomePage_headerTest" time="8.131" classname="com.THStest.HomePageTest"/>
  <testcase name="performPortalTest" time="6.906" classname="com.THStest.PortalPageTest"/>
  <testcase name="performLoginTest_validvalues" time="4.701" classname="com.THStest.LoginTest"/>
  <testcase name="verify_BasicinformationPage_Labels" time="10.224" classname="com.THStest.BasicInformationPageTest"/>
  <testcase name="verify_HomePage_Userdetails" time="7.245" classname="com.THStest.HomePageTest"/>
  <testcase name="performLoginTest_invalidvalues" time="3.882" classname="com.THStest.LoginTest"/>
  <testcase name="verify_BasicinformationPage_ExelData" time="38.539" classname="com.THStest.BasicInformationPageTest">
    <failure type="org.openqa.selenium.TimeoutException" message="Expected condition failed: waiting for visibility of element located by By.name: policyTerm|location|constructionYear (tried for 15 second(s) with 500 milliseconds interval)">
      <![CDATA[org.openqa.selenium.TimeoutException: Expected condition failed: waiting for visibility of element located by By.name: policyTerm|location|constructionYear (tried for 15 second(s) with 500 milliseconds interval)
	at org.openqa.selenium.support.ui.WebDriverWait.timeoutException(WebDriverWait.java:113)
	at org.openqa.selenium.support.ui.FluentWait.until(FluentWait.java:283)
	at com.THSpages.yearbuilt.yearbuilt_validation(yearbuilt.java:52)
	at com.THSpages.BasicInformationPage.doBasicinformationPagevalidation(BasicInformationPage.java:357)
	at com.THStest.BasicInformationPageTest.verify_BasicinformationPage_ExelData(BasicInformationPageTest.java:78)
Caused by: org.openqa.selenium.NoSuchElementException: Cannot locate an element using By.name: policyTerm|location|constructionYear
For documentation on this error, please visit: http://seleniumhq.org/exceptions/no_such_element.html
Build info: version: '3.14.0', revision: 'aacccce0', time: '2018-08-02T20:05:20.749Z'
System info: host: 'LOHLOVSPC14', ip: '10.5.5.5', os.name: 'Windows 10', os.arch: 'amd64', os.version: '10.0', java.version: '1.8.0_281'
Driver info: driver.version: unknown
	at org.openqa.selenium.support.ui.ExpectedConditions.lambda$findElement$0(ExpectedConditions.java:896)
	at java.util.Optional.orElseThrow(Optional.java:290)
	at org.openqa.selenium.support.ui.ExpectedConditions.findElement(ExpectedConditions.java:895)
	at org.openqa.selenium.support.ui.ExpectedConditions.access$000(ExpectedConditions.java:44)
	at org.openqa.selenium.support.ui.ExpectedConditions$7.apply(ExpectedConditions.java:206)
	at org.openqa.selenium.support.ui.ExpectedConditions$7.apply(ExpectedConditions.java:202)
	at org.openqa.selenium.support.ui.FluentWait.until(FluentWait.java:260)
	... 27 more
... Removed 24 stack frames]]>
    </failure>
  </testcase> <!-- verify_BasicinformationPage_ExelData -->
  <testcase name="verify_HomePage_Menutabs" time="8.143" classname="com.THStest.HomePageTest"/>
  <testcase name="verify_HomePage_AgencyOverideTest" time="11.84" classname="com.THStest.HomePageTest"/>
  <testcase name="verify_HomePage_THS_States_Displaying" time="14.164" classname="com.THStest.HomePageTest"/>
  <testcase name="Select_THS_State_ExelData" time="10.305" classname="com.THStest.HomePageTest"/>
</testsuite> <!-- Test -->
